mode: set
github.com/julien-noblet/download-geofabrik/config.go:26.53,29.16 3 1
github.com/julien-noblet/download-geofabrik/config.go:33.2,36.16 3 1
github.com/julien-noblet/download-geofabrik/config.go:40.2,40.25 1 1
github.com/julien-noblet/download-geofabrik/config.go:29.16,31.3 1 1
github.com/julien-noblet/download-geofabrik/config.go:36.16,38.3 1 1
github.com/julien-noblet/download-geofabrik/download-geofabrik.go:53.46,57.26 4 0
github.com/julien-noblet/download-geofabrik/download-geofabrik.go:61.2,63.28 3 0
github.com/julien-noblet/download-geofabrik/download-geofabrik.go:67.2,68.28 2 0
github.com/julien-noblet/download-geofabrik/download-geofabrik.go:71.2,72.54 2 0
github.com/julien-noblet/download-geofabrik/download-geofabrik.go:57.26,60.3 2 0
github.com/julien-noblet/download-geofabrik/download-geofabrik.go:63.28,66.3 2 0
github.com/julien-noblet/download-geofabrik/download-geofabrik.go:68.28,70.3 1 0
github.com/julien-noblet/download-geofabrik/download-geofabrik.go:76.56,77.14 1 0
github.com/julien-noblet/download-geofabrik/download-geofabrik.go:80.2,81.16 2 0
github.com/julien-noblet/download-geofabrik/download-geofabrik.go:87.2,87.27 1 0
github.com/julien-noblet/download-geofabrik/download-geofabrik.go:90.2,90.12 1 0
github.com/julien-noblet/download-geofabrik/download-geofabrik.go:77.14,79.3 1 0
github.com/julien-noblet/download-geofabrik/download-geofabrik.go:81.16,82.16 1 0
github.com/julien-noblet/download-geofabrik/download-geofabrik.go:85.3,85.71 1 0
github.com/julien-noblet/download-geofabrik/download-geofabrik.go:82.16,84.4 1 0
github.com/julien-noblet/download-geofabrik/download-geofabrik.go:87.27,89.3 1 0
github.com/julien-noblet/download-geofabrik/download-geofabrik.go:93.26,94.19 1 1
github.com/julien-noblet/download-geofabrik/download-geofabrik.go:108.2,108.14 1 1
github.com/julien-noblet/download-geofabrik/download-geofabrik.go:95.19,96.14 1 1
github.com/julien-noblet/download-geofabrik/download-geofabrik.go:97.26,98.53 1 1
github.com/julien-noblet/download-geofabrik/download-geofabrik.go:101.3,101.14 1 1
github.com/julien-noblet/download-geofabrik/download-geofabrik.go:102.16,103.53 1 1
github.com/julien-noblet/download-geofabrik/download-geofabrik.go:106.3,106.14 1 1
github.com/julien-noblet/download-geofabrik/download-geofabrik.go:98.53,100.4 1 1
github.com/julien-noblet/download-geofabrik/download-geofabrik.go:103.53,105.4 1 1
github.com/julien-noblet/download-geofabrik/download-geofabrik.go:111.23,112.16 1 1
github.com/julien-noblet/download-geofabrik/download-geofabrik.go:112.16,116.3 1 1
github.com/julien-noblet/download-geofabrik/download-geofabrik.go:119.20,121.10 2 1
github.com/julien-noblet/download-geofabrik/download-geofabrik.go:124.2,126.36 3 1
github.com/julien-noblet/download-geofabrik/download-geofabrik.go:121.10,123.3 1 1
github.com/julien-noblet/download-geofabrik/download-geofabrik.go:129.24,133.37 4 1
github.com/julien-noblet/download-geofabrik/download-geofabrik.go:133.37,134.63 1 1
github.com/julien-noblet/download-geofabrik/download-geofabrik.go:134.63,135.43 1 1
github.com/julien-noblet/download-geofabrik/download-geofabrik.go:135.43,136.34 1 1
github.com/julien-noblet/download-geofabrik/download-geofabrik.go:136.34,137.18 1 1
github.com/julien-noblet/download-geofabrik/download-geofabrik.go:140.6,146.30 7 1
github.com/julien-noblet/download-geofabrik/download-geofabrik.go:137.18,139.7 1 0
github.com/julien-noblet/download-geofabrik/download-geofabrik.go:148.11,149.18 1 1
github.com/julien-noblet/download-geofabrik/download-geofabrik.go:149.18,151.7 1 0
github.com/julien-noblet/download-geofabrik/download-geofabrik.go:153.10,160.46 7 1
github.com/julien-noblet/download-geofabrik/download-geofabrik.go:160.46,162.6 1 0
github.com/julien-noblet/download-geofabrik/download-geofabrik.go:164.9,171.4 6 1
github.com/julien-noblet/download-geofabrik/download-geofabrik.go:175.13,180.18 4 0
github.com/julien-noblet/download-geofabrik/download-geofabrik.go:181.26,182.16 1 0
github.com/julien-noblet/download-geofabrik/download-geofabrik.go:183.28,185.13 2 0
github.com/julien-noblet/download-geofabrik/download-geofabrik.go:186.30,187.20 1 0
github.com/julien-noblet/download-geofabrik/download-geofabrik.go:188.30,189.21 1 0
github.com/julien-noblet/download-geofabrik/download-geofabrik.go:194.38,195.45 1 1
github.com/julien-noblet/download-geofabrik/download-geofabrik.go:198.2,198.14 1 1
github.com/julien-noblet/download-geofabrik/download-geofabrik.go:195.45,197.3 1 1
github.com/julien-noblet/download-geofabrik/download-geofabrik.go:201.51,203.25 2 1
github.com/julien-noblet/download-geofabrik/download-geofabrik.go:221.2,221.29 1 1
github.com/julien-noblet/download-geofabrik/download-geofabrik.go:203.25,205.17 2 1
github.com/julien-noblet/download-geofabrik/download-geofabrik.go:208.3,208.16 1 1
github.com/julien-noblet/download-geofabrik/download-geofabrik.go:212.3,214.48 2 1
github.com/julien-noblet/download-geofabrik/download-geofabrik.go:217.3,219.30 3 1
github.com/julien-noblet/download-geofabrik/download-geofabrik.go:205.17,207.4 1 0
github.com/julien-noblet/download-geofabrik/download-geofabrik.go:208.16,211.4 2 1
github.com/julien-noblet/download-geofabrik/download-geofabrik.go:214.48,216.4 1 0
github.com/julien-noblet/download-geofabrik/download-geofabrik.go:224.62,225.25 1 1
github.com/julien-noblet/download-geofabrik/download-geofabrik.go:236.2,236.19 1 0
github.com/julien-noblet/download-geofabrik/download-geofabrik.go:225.25,227.17 2 1
github.com/julien-noblet/download-geofabrik/download-geofabrik.go:230.3,231.28 2 1
github.com/julien-noblet/download-geofabrik/download-geofabrik.go:234.3,234.48 1 1
github.com/julien-noblet/download-geofabrik/download-geofabrik.go:227.17,229.4 1 0
github.com/julien-noblet/download-geofabrik/download-geofabrik.go:231.28,233.4 1 0
github.com/julien-noblet/download-geofabrik/download-geofabrik.go:239.43,241.13 2 1
github.com/julien-noblet/download-geofabrik/download-geofabrik.go:280.2,280.12 1 1
github.com/julien-noblet/download-geofabrik/download-geofabrik.go:241.13,246.52 5 1
github.com/julien-noblet/download-geofabrik/download-geofabrik.go:276.3,276.15 1 1
github.com/julien-noblet/download-geofabrik/download-geofabrik.go:246.52,253.29 7 1
github.com/julien-noblet/download-geofabrik/download-geofabrik.go:256.4,257.18 2 1
github.com/julien-noblet/download-geofabrik/download-geofabrik.go:260.4,260.29 1 1
github.com/julien-noblet/download-geofabrik/download-geofabrik.go:263.4,264.18 2 1
github.com/julien-noblet/download-geofabrik/download-geofabrik.go:267.4,267.16 1 1
github.com/julien-noblet/download-geofabrik/download-geofabrik.go:274.4,274.14 1 1
github.com/julien-noblet/download-geofabrik/download-geofabrik.go:253.29,255.5 1 0
github.com/julien-noblet/download-geofabrik/download-geofabrik.go:257.18,259.5 1 0
github.com/julien-noblet/download-geofabrik/download-geofabrik.go:260.29,262.5 1 0
github.com/julien-noblet/download-geofabrik/download-geofabrik.go:264.18,266.5 1 0
github.com/julien-noblet/download-geofabrik/download-geofabrik.go:267.16,268.12 1 0
github.com/julien-noblet/download-geofabrik/download-geofabrik.go:268.12,270.6 1 0
github.com/julien-noblet/download-geofabrik/download-geofabrik.go:270.11,272.6 1 0
github.com/julien-noblet/download-geofabrik/download-geofabrik.go:276.15,278.4 1 0
github.com/julien-noblet/download-geofabrik/download.go:19.59,20.27 1 1
github.com/julien-noblet/download-geofabrik/download.go:24.2,24.19 1 1
github.com/julien-noblet/download-geofabrik/download.go:105.2,105.12 1 1
github.com/julien-noblet/download-geofabrik/download.go:20.27,22.3 1 0
github.com/julien-noblet/download-geofabrik/download.go:24.19,27.24 2 1
github.com/julien-noblet/download-geofabrik/download.go:39.3,40.25 2 1
github.com/julien-noblet/download-geofabrik/download.go:48.3,49.17 2 1
github.com/julien-noblet/download-geofabrik/download.go:52.3,52.33 1 1
github.com/julien-noblet/download-geofabrik/download.go:58.3,58.16 1 1
github.com/julien-noblet/download-geofabrik/download.go:66.3,69.17 4 1
github.com/julien-noblet/download-geofabrik/download.go:72.3,72.16 1 1
github.com/julien-noblet/download-geofabrik/download.go:76.3,80.73 5 1
github.com/julien-noblet/download-geofabrik/download.go:91.3,92.17 2 1
github.com/julien-noblet/download-geofabrik/download.go:95.3,95.15 1 1
github.com/julien-noblet/download-geofabrik/download.go:27.24,31.46 3 0
github.com/julien-noblet/download-geofabrik/download.go:34.4,34.18 1 0
github.com/julien-noblet/download-geofabrik/download.go:37.4,37.63 1 0
github.com/julien-noblet/download-geofabrik/download.go:31.46,33.5 1 0
github.com/julien-noblet/download-geofabrik/download.go:34.18,36.5 1 0
github.com/julien-noblet/download-geofabrik/download.go:40.25,43.18 3 0
github.com/julien-noblet/download-geofabrik/download.go:46.4,46.32 1 0
github.com/julien-noblet/download-geofabrik/download.go:43.18,45.5 1 0
github.com/julien-noblet/download-geofabrik/download.go:49.17,51.4 1 0
github.com/julien-noblet/download-geofabrik/download.go:52.33,53.34 1 1
github.com/julien-noblet/download-geofabrik/download.go:56.4,56.102 1 1
github.com/julien-noblet/download-geofabrik/download.go:53.34,55.5 1 1
github.com/julien-noblet/download-geofabrik/download.go:58.16,61.4 2 1
github.com/julien-noblet/download-geofabrik/download.go:69.17,71.4 1 0
github.com/julien-noblet/download-geofabrik/download.go:72.16,75.4 2 1
github.com/julien-noblet/download-geofabrik/download.go:80.73,90.4 8 0
github.com/julien-noblet/download-geofabrik/download.go:92.17,94.4 1 0
github.com/julien-noblet/download-geofabrik/download.go:95.15,96.26 1 1
github.com/julien-noblet/download-geofabrik/download.go:99.4,100.17 2 1
github.com/julien-noblet/download-geofabrik/download.go:96.26,98.5 1 0
github.com/julien-noblet/download-geofabrik/download.go:100.17,102.5 1 0
github.com/julien-noblet/download-geofabrik/element.go:17.36,19.2 1 1
github.com/julien-noblet/download-geofabrik/element.go:21.66,24.38 3 1
github.com/julien-noblet/download-geofabrik/element.go:27.2,28.27 2 1
github.com/julien-noblet/download-geofabrik/element.go:42.2,42.16 1 1
github.com/julien-noblet/download-geofabrik/element.go:45.2,46.17 2 1
github.com/julien-noblet/download-geofabrik/element.go:24.38,26.3 1 1
github.com/julien-noblet/download-geofabrik/element.go:28.27,29.27 1 1
github.com/julien-noblet/download-geofabrik/element.go:29.27,31.4 1 1
github.com/julien-noblet/download-geofabrik/element.go:31.9,33.4 1 1
github.com/julien-noblet/download-geofabrik/element.go:34.8,35.27 1 1
github.com/julien-noblet/download-geofabrik/element.go:35.27,37.4 1 1
github.com/julien-noblet/download-geofabrik/element.go:37.9,39.4 1 1
github.com/julien-noblet/download-geofabrik/element.go:42.16,44.3 1 1
github.com/julien-noblet/download-geofabrik/element.go:49.70,52.16 3 1
github.com/julien-noblet/download-geofabrik/element.go:55.2,55.24 1 1
github.com/julien-noblet/download-geofabrik/element.go:72.2,72.16 1 1
github.com/julien-noblet/download-geofabrik/element.go:52.16,54.3 1 1
github.com/julien-noblet/download-geofabrik/element.go:55.24,57.17 2 1
github.com/julien-noblet/download-geofabrik/element.go:60.3,61.17 2 1
github.com/julien-noblet/download-geofabrik/element.go:64.3,65.24 2 1
github.com/julien-noblet/download-geofabrik/element.go:70.3,70.18 1 1
github.com/julien-noblet/download-geofabrik/element.go:57.17,59.4 1 1
github.com/julien-noblet/download-geofabrik/element.go:61.17,63.4 1 0
github.com/julien-noblet/download-geofabrik/element.go:65.24,67.4 1 1
github.com/julien-noblet/download-geofabrik/element.go:67.9,69.4 1 1
github.com/julien-noblet/download-geofabrik/element.go:73.9,74.65 1 1
github.com/julien-noblet/download-geofabrik/element.go:75.9,76.47 1 1
github.com/julien-noblet/download-geofabrik/element.go:77.10,78.42 1 1
github.com/julien-noblet/download-geofabrik/element.go:82.54,85.33 2 1
github.com/julien-noblet/download-geofabrik/element.go:88.2,88.18 1 1
github.com/julien-noblet/download-geofabrik/element.go:85.33,87.3 1 1
github.com/julien-noblet/download-geofabrik/element.go:94.52,95.26 1 1
github.com/julien-noblet/download-geofabrik/element.go:100.2,100.14 1 1
github.com/julien-noblet/download-geofabrik/element.go:95.26,96.14 1 1
github.com/julien-noblet/download-geofabrik/element.go:96.14,98.4 1 1
github.com/julien-noblet/download-geofabrik/formats.go:17.37,19.25 2 1
github.com/julien-noblet/download-geofabrik/formats.go:37.2,37.30 1 1
github.com/julien-noblet/download-geofabrik/formats.go:19.25,20.15 1 1
github.com/julien-noblet/download-geofabrik/formats.go:21.16,22.16 1 1
github.com/julien-noblet/download-geofabrik/formats.go:23.18,24.16 1 1
github.com/julien-noblet/download-geofabrik/formats.go:25.18,26.16 1 1
github.com/julien-noblet/download-geofabrik/formats.go:27.18,28.16 1 1
github.com/julien-noblet/download-geofabrik/formats.go:29.15,30.16 1 1
github.com/julien-noblet/download-geofabrik/formats.go:31.18,32.16 1 1
github.com/julien-noblet/download-geofabrik/formats.go:33.14,34.16 1 1
github.com/julien-noblet/download-geofabrik/formats.go:40.66,43.36 2 1
github.com/julien-noblet/download-geofabrik/formats.go:51.2,51.22 1 1
github.com/julien-noblet/download-geofabrik/formats.go:43.36,44.27 1 1
github.com/julien-noblet/download-geofabrik/formats.go:44.27,46.36 2 1
github.com/julien-noblet/download-geofabrik/formats.go:46.36,48.5 1 1
github.com/julien-noblet/download-geofabrik/formats.go:55.29,57.14 2 1
github.com/julien-noblet/download-geofabrik/formats.go:60.2,60.14 1 1
github.com/julien-noblet/download-geofabrik/formats.go:63.2,63.14 1 1
github.com/julien-noblet/download-geofabrik/formats.go:66.2,66.14 1 1
github.com/julien-noblet/download-geofabrik/formats.go:69.2,69.13 1 1
github.com/julien-noblet/download-geofabrik/formats.go:72.2,72.12 1 1
github.com/julien-noblet/download-geofabrik/formats.go:75.2,75.11 1 1
github.com/julien-noblet/download-geofabrik/formats.go:78.2,78.26 1 1
github.com/julien-noblet/download-geofabrik/formats.go:81.2,81.20 1 1
github.com/julien-noblet/download-geofabrik/formats.go:57.14,59.3 1 1
github.com/julien-noblet/download-geofabrik/formats.go:60.14,62.3 1 1
github.com/julien-noblet/download-geofabrik/formats.go:63.14,65.3 1 1
github.com/julien-noblet/download-geofabrik/formats.go:66.14,68.3 1 1
github.com/julien-noblet/download-geofabrik/formats.go:69.13,71.3 1 1
github.com/julien-noblet/download-geofabrik/formats.go:72.12,74.3 1 1
github.com/julien-noblet/download-geofabrik/formats.go:75.11,77.3 1 1
github.com/julien-noblet/download-geofabrik/formats.go:78.26,80.3 1 1
github.com/julien-noblet/download-geofabrik/generator.go:25.66,28.2 2 1
github.com/julien-noblet/download-geofabrik/generator.go:37.52,39.21 2 1
github.com/julien-noblet/download-geofabrik/generator.go:39.21,42.12 3 1
github.com/julien-noblet/download-geofabrik/generator.go:42.12,45.40 3 1
github.com/julien-noblet/download-geofabrik/generator.go:45.40,49.5 2 1
github.com/julien-noblet/download-geofabrik/generator.go:54.118,58.74 4 1
github.com/julien-noblet/download-geofabrik/generator.go:194.2,194.18 1 1
github.com/julien-noblet/download-geofabrik/generator.go:58.74,61.24 2 1
github.com/julien-noblet/download-geofabrik/generator.go:67.3,69.43 2 1
github.com/julien-noblet/download-geofabrik/generator.go:107.3,107.36 1 1
github.com/julien-noblet/download-geofabrik/generator.go:111.3,121.34 8 1
github.com/julien-noblet/download-geofabrik/generator.go:133.3,187.29 2 1
github.com/julien-noblet/download-geofabrik/generator.go:190.3,190.56 1 1
github.com/julien-noblet/download-geofabrik/generator.go:61.24,63.4 1 1
github.com/julien-noblet/download-geofabrik/generator.go:63.9,66.4 2 1
github.com/julien-noblet/download-geofabrik/generator.go:69.43,75.29 6 1
github.com/julien-noblet/download-geofabrik/generator.go:75.29,80.13 3 1
github.com/julien-noblet/download-geofabrik/generator.go:104.5,104.12 1 1
github.com/julien-noblet/download-geofabrik/generator.go:80.13,81.19 1 1
github.com/julien-noblet/download-geofabrik/generator.go:82.13,85.32 3 1
github.com/julien-noblet/download-geofabrik/generator.go:86.13,88.32 2 1
github.com/julien-noblet/download-geofabrik/generator.go:89.13,91.32 2 1
github.com/julien-noblet/download-geofabrik/generator.go:92.13,94.32 2 1
github.com/julien-noblet/download-geofabrik/generator.go:95.13,98.32 3 1
github.com/julien-noblet/download-geofabrik/generator.go:99.13,101.32 2 1
github.com/julien-noblet/download-geofabrik/generator.go:107.36,109.4 1 0
github.com/julien-noblet/download-geofabrik/generator.go:121.34,123.38 2 0
github.com/julien-noblet/download-geofabrik/generator.go:123.38,126.5 2 0
github.com/julien-noblet/download-geofabrik/generator.go:126.10,130.5 3 0
github.com/julien-noblet/download-geofabrik/generator.go:187.29,189.4 1 1
github.com/julien-noblet/download-geofabrik/generator.go:190.56,192.4 1 1
github.com/julien-noblet/download-geofabrik/generator.go:197.52,198.42 1 1
github.com/julien-noblet/download-geofabrik/generator.go:212.2,212.12 1 1
github.com/julien-noblet/download-geofabrik/generator.go:198.42,199.34 1 1
github.com/julien-noblet/download-geofabrik/generator.go:202.3,203.27 2 1
github.com/julien-noblet/download-geofabrik/generator.go:208.3,208.30 1 1
github.com/julien-noblet/download-geofabrik/generator.go:199.34,201.4 1 1
github.com/julien-noblet/download-geofabrik/generator.go:203.27,205.4 1 1
github.com/julien-noblet/download-geofabrik/generator.go:205.9,207.4 1 1
github.com/julien-noblet/download-geofabrik/generator.go:209.8,211.3 1 1
github.com/julien-noblet/download-geofabrik/generator.go:215.114,218.43 3 1
github.com/julien-noblet/download-geofabrik/generator.go:223.2,224.31 2 1
github.com/julien-noblet/download-geofabrik/generator.go:272.2,272.18 1 1
github.com/julien-noblet/download-geofabrik/generator.go:218.43,220.3 1 1
github.com/julien-noblet/download-geofabrik/generator.go:220.8,220.50 1 1
github.com/julien-noblet/download-geofabrik/generator.go:220.50,222.3 1 0
github.com/julien-noblet/download-geofabrik/generator.go:224.31,228.30 3 1
github.com/julien-noblet/download-geofabrik/generator.go:228.30,231.12 3 1
github.com/julien-noblet/download-geofabrik/generator.go:231.12,233.179 1 1
github.com/julien-noblet/download-geofabrik/generator.go:233.179,240.44 6 1
github.com/julien-noblet/download-geofabrik/generator.go:243.6,245.46 3 1
github.com/julien-noblet/download-geofabrik/generator.go:248.6,248.55 1 1
github.com/julien-noblet/download-geofabrik/generator.go:240.44,242.7 1 1
github.com/julien-noblet/download-geofabrik/generator.go:245.46,247.7 1 0
github.com/julien-noblet/download-geofabrik/generator.go:248.55,251.21 3 1
github.com/julien-noblet/download-geofabrik/generator.go:251.21,253.8 1 0
github.com/julien-noblet/download-geofabrik/generator.go:254.12,255.47 1 1
github.com/julien-noblet/download-geofabrik/generator.go:259.7,260.31 2 1
github.com/julien-noblet/download-geofabrik/generator.go:265.7,266.28 2 1
github.com/julien-noblet/download-geofabrik/generator.go:255.47,258.8 2 0
github.com/julien-noblet/download-geofabrik/generator.go:260.31,262.8 1 0
github.com/julien-noblet/download-geofabrik/generator.go:262.13,264.8 1 1
github.com/julien-noblet/download-geofabrik/generator.go:275.115,277.31 2 1
github.com/julien-noblet/download-geofabrik/generator.go:295.2,295.18 1 1
github.com/julien-noblet/download-geofabrik/generator.go:277.31,279.24 2 1
github.com/julien-noblet/download-geofabrik/generator.go:279.24,286.29 7 1
github.com/julien-noblet/download-geofabrik/generator.go:289.4,290.18 2 1
github.com/julien-noblet/download-geofabrik/generator.go:286.29,288.5 1 0
github.com/julien-noblet/download-geofabrik/generator.go:290.18,292.5 1 0
github.com/julien-noblet/download-geofabrik/generator.go:299.109,300.42 1 0
github.com/julien-noblet/download-geofabrik/generator.go:303.2,303.16 1 0
github.com/julien-noblet/download-geofabrik/generator.go:306.2,306.24 1 0
github.com/julien-noblet/download-geofabrik/generator.go:300.42,302.3 1 0
github.com/julien-noblet/download-geofabrik/generator.go:303.16,305.3 1 0
github.com/julien-noblet/download-geofabrik/generator.go:307.31,308.41 1 0
github.com/julien-noblet/download-geofabrik/generator.go:309.35,310.37 1 0
github.com/julien-noblet/download-geofabrik/generator.go:311.25,312.38 1 0
github.com/julien-noblet/download-geofabrik/generator.go:313.10,314.73 1 0
github.com/julien-noblet/download-geofabrik/generator.go:320.68,321.15 1 0
github.com/julien-noblet/download-geofabrik/generator.go:324.2,324.34 1 0
github.com/julien-noblet/download-geofabrik/generator.go:362.2,362.14 1 0
github.com/julien-noblet/download-geofabrik/generator.go:321.15,323.3 1 0
github.com/julien-noblet/download-geofabrik/generator.go:324.34,327.3 1 0
github.com/julien-noblet/download-geofabrik/generator.go:327.8,327.63 1 0
github.com/julien-noblet/download-geofabrik/generator.go:327.63,329.3 1 0
github.com/julien-noblet/download-geofabrik/generator.go:329.8,329.63 1 0
github.com/julien-noblet/download-geofabrik/generator.go:329.63,331.3 1 0
github.com/julien-noblet/download-geofabrik/generator.go:331.8,331.59 1 0
github.com/julien-noblet/download-geofabrik/generator.go:331.59,333.3 1 0
github.com/julien-noblet/download-geofabrik/generator.go:333.8,333.60 1 0
github.com/julien-noblet/download-geofabrik/generator.go:333.60,335.3 1 0
github.com/julien-noblet/download-geofabrik/generator.go:335.8,335.56 1 0
github.com/julien-noblet/download-geofabrik/generator.go:335.56,337.3 1 0
github.com/julien-noblet/download-geofabrik/generator.go:337.8,337.53 1 0
github.com/julien-noblet/download-geofabrik/generator.go:337.53,339.3 1 0
github.com/julien-noblet/download-geofabrik/generator.go:339.8,339.53 1 0
github.com/julien-noblet/download-geofabrik/generator.go:339.53,341.3 1 0
github.com/julien-noblet/download-geofabrik/generator.go:341.8,341.54 1 0
github.com/julien-noblet/download-geofabrik/generator.go:341.54,343.3 1 0
github.com/julien-noblet/download-geofabrik/generator.go:343.8,343.53 1 0
github.com/julien-noblet/download-geofabrik/generator.go:343.53,345.3 1 0
github.com/julien-noblet/download-geofabrik/generator.go:345.8,345.53 1 0
github.com/julien-noblet/download-geofabrik/generator.go:345.53,347.3 1 0
github.com/julien-noblet/download-geofabrik/generator.go:347.8,347.53 1 0
github.com/julien-noblet/download-geofabrik/generator.go:347.53,349.3 1 0
github.com/julien-noblet/download-geofabrik/generator.go:349.8,349.50 1 0
github.com/julien-noblet/download-geofabrik/generator.go:349.50,351.3 1 0
github.com/julien-noblet/download-geofabrik/generator.go:351.8,351.58 1 0
github.com/julien-noblet/download-geofabrik/generator.go:351.58,353.3 1 0
github.com/julien-noblet/download-geofabrik/generator.go:353.8,353.54 1 0
github.com/julien-noblet/download-geofabrik/generator.go:353.54,355.3 1 0
github.com/julien-noblet/download-geofabrik/generator.go:355.8,355.53 1 0
github.com/julien-noblet/download-geofabrik/generator.go:355.53,361.3 1 0
github.com/julien-noblet/download-geofabrik/generator.go:366.66,378.16 9 0
github.com/julien-noblet/download-geofabrik/generator.go:389.2,390.16 2 0
github.com/julien-noblet/download-geofabrik/generator.go:393.2,396.16 4 0
github.com/julien-noblet/download-geofabrik/generator.go:378.16,380.14 2 0
github.com/julien-noblet/download-geofabrik/generator.go:386.3,387.14 2 0
github.com/julien-noblet/download-geofabrik/generator.go:381.41,382.15 1 0
github.com/julien-noblet/download-geofabrik/generator.go:383.45,384.14 1 0
github.com/julien-noblet/download-geofabrik/generator.go:390.16,392.3 1 0
github.com/julien-noblet/download-geofabrik/generator.go:396.16,398.3 1 0
github.com/julien-noblet/download-geofabrik/generator.go:402.34,403.19 1 0
github.com/julien-noblet/download-geofabrik/generator.go:404.19,421.15 15 0
github.com/julien-noblet/download-geofabrik/generator.go:425.26,433.15 8 0
github.com/julien-noblet/download-geofabrik/generator.go:436.16,444.15 8 0
github.com/julien-noblet/download-geofabrik/generator.go:447.10,448.96 1 0
github.com/julien-noblet/download-geofabrik/generator.go:421.15,423.4 1 0
github.com/julien-noblet/download-geofabrik/generator.go:433.15,435.4 1 0
github.com/julien-noblet/download-geofabrik/generator.go:444.15,446.4 1 0
